0 info it worked if it ends with ok
1 verbose cli [ '/usr/bin/nodejs', '/usr/bin/npm', 'start' ]
2 info using npm@4.1.2
3 info using node@v7.5.0
4 verbose run-script [ 'prestart', 'start', 'poststart' ]
5 info lifecycle react-slingshot@2.1.938~prestart: react-slingshot@2.1.938
6 verbose lifecycle react-slingshot@2.1.938~prestart: unsafe-perm in lifecycle true
7 verbose lifecycle react-slingshot@2.1.938~prestart: PATH: /usr/lib/node_modules/npm/bin/node-gyp-bin:/var/www/html/dookApp/node_modules/.bin:/usr/local/sbin:/usr/local/bin:/usr/sbin:/usr/bin:/sbin:/bin:/snap/bin
8 verbose lifecycle react-slingshot@2.1.938~prestart: CWD: /var/www/html/dookApp
9 silly lifecycle react-slingshot@2.1.938~prestart: Args: [ '-c', 'npm-run-all --parallel start-message remove-dist' ]
10 silly lifecycle react-slingshot@2.1.938~prestart: Returned: code: 1  signal: null
11 info lifecycle react-slingshot@2.1.938~prestart: Failed to exec prestart script
12 verbose stack Error: react-slingshot@2.1.938 prestart: `npm-run-all --parallel start-message remove-dist`
12 verbose stack Exit status 1
12 verbose stack     at EventEmitter.<anonymous> (/usr/lib/node_modules/npm/lib/utils/lifecycle.js:279:16)
12 verbose stack     at emitTwo (events.js:106:13)
12 verbose stack     at EventEmitter.emit (events.js:192:7)
12 verbose stack     at ChildProcess.<anonymous> (/usr/lib/node_modules/npm/lib/utils/spawn.js:40:14)
12 verbose stack     at emitTwo (events.js:106:13)
12 verbose stack     at ChildProcess.emit (events.js:192:7)
12 verbose stack     at maybeClose (internal/child_process.js:890:16)
12 verbose stack     at Process.ChildProcess._handle.onexit (internal/child_process.js:226:5)
13 verbose pkgid react-slingshot@2.1.938
14 verbose cwd /var/www/html/dookApp
15 error Linux 4.4.0-83-generic
16 error argv "/usr/bin/nodejs" "/usr/bin/npm" "start"
17 error node v7.5.0
18 error npm  v4.1.2
19 error code ELIFECYCLE
20 error react-slingshot@2.1.938 prestart: `npm-run-all --parallel start-message remove-dist`
20 error Exit status 1
21 error Failed at the react-slingshot@2.1.938 prestart script 'npm-run-all --parallel start-message remove-dist'.
21 error Make sure you have the latest version of node.js and npm installed.
21 error If you do, this is most likely a problem with the react-slingshot package,
21 error not with npm itself.
21 error Tell the author that this fails on your system:
21 error     npm-run-all --parallel start-message remove-dist
21 error You can get information on how to open an issue for this project with:
21 error     npm bugs react-slingshot
21 error Or if that isn't available, you can get their info via:
21 error     npm owner ls react-slingshot
21 error There is likely additional logging output above.
22 verbose exit [ 1, true ]
